Determining if the pthread_create exist failed with the following output:
Change Dir: /home/mir-lab/mini_cooper_ws/build/CMakeFiles/CMakeTmp

Run Build Command:/usr/bin/make "cmTryCompileExec4013580220/fast"
/usr/bin/make -f CMakeFiles/cmTryCompileExec4013580220.dir/build.make CMakeFiles/cmTryCompileExec4013580220.dir/build
make[1]: Entering directory `/home/mir-lab/mini_cooper_ws/build/CMakeFiles/CMakeTmp'
/usr/bin/cmake -E cmake_progress_report /home/mir-lab/mini_cooper_ws/build/CMakeFiles/CMakeTmp/CMakeFiles 1
Building C object CMakeFiles/cmTryCompileExec4013580220.dir/CheckSymbolExists.c.o
/usr/bin/cc    -o CMakeFiles/cmTryCompileExec4013580220.dir/CheckSymbolExists.c.o   -c /home/mir-lab/mini_cooper_ws/build/CMakeFiles/CMakeTmp/CheckSymbolExists.c
Linking C executable cmTryCompileExec4013580220
/usr/bin/cmake -E cmake_link_script CMakeFiles/cmTryCompileExec4013580220.dir/link.txt --verbose=1
/usr/bin/cc       CMakeFiles/cmTryCompileExec4013580220.dir/CheckSymbolExists.c.o  -o cmTryCompileExec4013580220 -rdynamic 
CMakeFiles/cmTryCompileExec4013580220.dir/CheckSymbolExists.c.o: In function `main':
CheckSymbolExists.c:(.text+0x16): undefined reference to `pthread_create'
collect2: error: ld returned 1 exit status
make[1]: Leaving directory `/home/mir-lab/mini_cooper_ws/build/CMakeFiles/CMakeTmp'
make[1]: *** [cmTryCompileExec4013580220] Error 1
make: *** [cmTryCompileExec4013580220/fast] Error 2

File /home/mir-lab/mini_cooper_ws/build/CMakeFiles/CMakeTmp/CheckSymbolExists.c:
/* */
#include <pthread.h>

int main(int argc, char** argv)
{
  (void)argv;
#ifndef pthread_create
  return ((int*)(&pthread_create))[argc];
#else
  (void)argc;
  return 0;
#endif
}

Determining if the function pthread_create exists in the pthreads failed with the following output:
Change Dir: /home/mir-lab/mini_cooper_ws/build/CMakeFiles/CMakeTmp

Run Build Command:/usr/bin/make "cmTryCompileExec1881340336/fast"
/usr/bin/make -f CMakeFiles/cmTryCompileExec1881340336.dir/build.make CMakeFiles/cmTryCompileExec1881340336.dir/build
make[1]: Entering directory `/home/mir-lab/mini_cooper_ws/build/CMakeFiles/CMakeTmp'
/usr/bin/cmake -E cmake_progress_report /home/mir-lab/mini_cooper_ws/build/CMakeFiles/CMakeTmp/CMakeFiles 1
Building C object CMakeFiles/cmTryCompileExec1881340336.dir/CheckFunctionExists.c.o
/usr/bin/cc   -DCHECK_FUNCTION_EXISTS=pthread_create   -o CMakeFiles/cmTryCompileExec1881340336.dir/CheckFunctionExists.c.o   -c /usr/share/cmake-2.8/Modules/CheckFunctionExists.c
Linking C executable cmTryCompileExec1881340336
/usr/bin/cmake -E cmake_link_script CMakeFiles/cmTryCompileExec1881340336.dir/link.txt --verbose=1
/usr/bin/cc   -DCHECK_FUNCTION_EXISTS=pthread_create    CMakeFiles/cmTryCompileExec1881340336.dir/CheckFunctionExists.c.o  -o cmTryCompileExec1881340336 -rdynamic -lpthreads 
/usr/bin/ld: cannot find -lpthreads
collect2: error: ld returned 1 exit status
make[1]: Leaving directory `/home/mir-lab/mini_cooper_ws/build/CMakeFiles/CMakeTmp'
make[1]: *** [cmTryCompileExec1881340336] Error 1
make: *** [cmTryCompileExec1881340336/fast] Error 2


